<?xml version="1.0" encoding="UTF-8"?>
<!-- Generated by org.testng.reporters.JUnitXMLReporter -->
<testsuite ignored="5" hostname="Shriprasad" failures="0" tests="3" name="Test_Group" time="25.083" errors="0" timestamp="2023-12-12T20:53:20 IST">
  <testcase classname="testCases.LoginPageTest" name="verifyURLOfApplicationTest" time="1.346"/>
  <testcase classname="testCases.LoginPageTest" name="verifyTitleOfApplicationTest" time="0.082"/>
  <testcase classname="testCases.Inventory_page_2_Test" name="verifyproductsLableTest" time="0.091"/>
  <testcase classname="testCases.Inventory_page_2_Test" name="verifytwitterLogoTest" time="0.0">
    <ignored/>
  </testcase> <!-- verifytwitterLogoTest -->
  <testcase classname="testCases.Inventory_page_2_Test" name="remove2Products" time="0.0">
    <ignored/>
  </testcase> <!-- remove2Products -->
  <testcase classname="testCases.Inventory_page_2_Test" name="add6ProductsTest" time="0.0">
    <ignored/>
  </testcase> <!-- add6ProductsTest -->
  <testcase classname="testCases.Inventory_page_2_Test" name="clickCartTest" time="0.0">
    <ignored/>
  </testcase> <!-- clickCartTest -->
  <testcase classname="testCases.LoginPageTest" name="loginToApplicationTest" time="0.0">
    <ignored/>
  </testcase> <!-- loginToApplicationTest -->
</testsuite> <!-- Test_Group -->
