<?xml version="1.0" encoding="UTF-8"?>
<!-- Generated by org.testng.reporters.JUnitXMLReporter -->
<testsuite ignored="0" hostname="Shriprasad" failures="0" tests="3" name="Default test" time="24.022" errors="0" timestamp="2023-12-12T22:21:19 IST">
  <testcase classname="testCases.LoginPageTest" name="verifyTitleOfApplicationTest" time="1.369"/>
  <testcase classname="testCases.LoginPageTest" name="loginToApplicationTest" time="0.372"/>
  <testcase classname="testCases.LoginPageTest" name="verifyURLOfApplicationTest" time="0.053"/>
</testsuite> <!-- Default test -->
