<?xml version="1.0" encoding="UTF-8"?>
<!-- Generated by org.testng.reporters.JUnitXMLReporter -->
<testsuite ignored="0" hostname="Shriprasad" failures="0" tests="31" name="Test" time="251.056" errors="0" timestamp="2023-12-09T19:41:09 IST">
  <testcase classname="testCases.check_out_page2_Test" name="TitleOfApplication" time="0.037"/>
  <testcase classname="testCases.check_out_page2_Test" name="clickOnFinishBtnTest" time="0.065"/>
  <testcase classname="testCases.complete_page2_Test" name="verifyBackHomebtnTest" time="0.073"/>
  <testcase classname="testCases.complete_page2_Test" name="verifyThankyouMessageTest" time="0.028"/>
  <testcase classname="testCases.complete_page2_Test" name="verifyYourOrderMessageTest" time="0.032"/>
  <testcase classname="testCases.complete_page2_Test" name="verifycheckoutCompleteLableTest" time="0.033"/>
  <testcase classname="testCases.LoginPageTest" name="loginToApplicationTest" time="1.698"/>
  <testcase classname="testCases.LoginPageTest" name="verifyTitleOfApplicationTest" time="0.082"/>
  <testcase classname="testCases.LoginPageTest" name="verifyURLOfApplicationTest" time="0.067"/>
  <testcase classname="testCases.cartPageTest" name="remove3ProductCartTest" time="2.238"/>
  <testcase classname="testCases.cartPageTest" name="verifyCartDescriptionLable" time="2.243"/>
  <testcase classname="testCases.cartPageTest" name="verifyCartPageFbLogo" time="2.256"/>
  <testcase classname="testCases.cartPageTest" name="verifyCartPageLinkedInLogo" time="2.235"/>
  <testcase classname="testCases.cartPageTest" name="verifyCartPageTwitterLogo" time="2.262"/>
  <testcase classname="testCases.cartPageTest" name="verifyCartUrlApplication" time="0.044"/>
  <testcase classname="testCases.cartPageTest" name="verifyContinueShoppingCartUrl" time="2.34"/>
  <testcase classname="testCases.cartPageTest" name="verifyProductLableCart" time="0.055"/>
  <testcase classname="testCases.cartPageTest" name="verifyUrlCheckout" time="4.357"/>
  <testcase classname="testCases.cartPageTest" name="verifytQTYLable" time="2.254"/>
  <testcase classname="testCases.check_out_page1_test" name="InputInformationCheckOutPage1" time="0.264"/>
  <testcase classname="testCases.check_out_page1_test" name="clickOnCancelBtn" time="0.056"/>
  <testcase classname="testCases.check_out_page1_test" name="verifyCheckOutPageFbLogo" time="0.028"/>
  <testcase classname="testCases.check_out_page1_test" name="verifyCheckOutPageLinkedInLogo" time="0.029"/>
  <testcase classname="testCases.check_out_page1_test" name="verifyChexkOutPageTwitterLogo" time="0.031"/>
  <testcase classname="testCases.check_out_page1_test" name="verifyTitleOfApplicationTest" time="0.019"/>
  <testcase classname="testCases.check_out_page1_test" name="verifyURLOfCheckOutPage1" time="0.004"/>
  <testcase classname="testCases.Inventory_page_2_Test" name="add6ProductsTest" time="0.398"/>
  <testcase classname="testCases.Inventory_page_2_Test" name="clickCartTest" time="0.085"/>
  <testcase classname="testCases.Inventory_page_2_Test" name="remove2Products" time="2.527"/>
  <testcase classname="testCases.Inventory_page_2_Test" name="verifyproductsLableTest" time="0.057"/>
  <testcase classname="testCases.Inventory_page_2_Test" name="verifytwitterLogoTest" time="0.031"/>
</testsuite> <!-- Test -->
