<?xml version="1.0" encoding="UTF-8"?>
<testng-results ignored="0" total="3" passed="3" failed="0" skipped="0">
  <reporter-output>
  </reporter-output>
  <suite started-at="2023-12-12T22:20:55 IST" name="Default suite" finished-at="2023-12-12T22:21:19 IST" duration-ms="24022">
    <groups>
      <group name="Sanity">
        <method signature="LoginPageTest.verifyURLOfApplicationTest()[pri:3, instance:testCases.LoginPageTest@1787bc24]" name="verifyURLOfApplicationTest" class="testCases.LoginPageTest"/>
      </group> <!-- Sanity -->
      <group name="Retesting">
        <method signature="LoginPageTest.verifyURLOfApplicationTest()[pri:3, instance:testCases.LoginPageTest@1787bc24]" name="verifyURLOfApplicationTest" class="testCases.LoginPageTest"/>
      </group> <!-- Retesting -->
    </groups>
    <test started-at="2023-12-12T22:20:55 IST" name="Default test" finished-at="2023-12-12T22:21:19 IST" duration-ms="24022">
      <class name="testCases.LoginPageTest">
        <test-method is-config="true" signature="setup()[pri:0, instance:testCases.LoginPageTest@1787bc24]" started-at="2023-12-12T22:20:55 IST" name="setup" finished-at="2023-12-12T22:21:04 IST" duration-ms="9130" status="PASS">
          <reporter-output>
          </reporter-output>
        </test-method> <!-- setup -->
        <test-method signature="verifyTitleOfApplicationTest()[pri:1, instance:testCases.LoginPageTest@1787bc24]" started-at="2023-12-12T22:21:04 IST" name="verifyTitleOfApplicationTest" finished-at="2023-12-12T22:21:05 IST" duration-ms="1369" status="PASS">
          <reporter-output>
          </reporter-output>
        </test-method> <!-- verifyTitleOfApplicationTest -->
        <test-method is-config="true" signature="closeBrowser(org.testng.ITestResult)[pri:0, instance:testCases.LoginPageTest@1787bc24]" started-at="2023-12-12T22:21:05 IST" name="closeBrowser" finished-at="2023-12-12T22:21:06 IST" duration-ms="135" status="PASS">
          <params>
            <param index="0">
              <value>
                <![CDATA[[TestResult name=verifyTitleOfApplicationTest status=SUCCESS method=LoginPageTest.verifyTitleOfApplicationTest()[pri:1, instance:testCases.LoginPageTest@1787bc24] output={null}]]]>
              </value>
            </param>
          </params>
          <reporter-output>
          </reporter-output>
        </test-method> <!-- closeBrowser -->
        <test-method is-config="true" signature="setup()[pri:0, instance:testCases.LoginPageTest@1787bc24]" started-at="2023-12-12T22:21:06 IST" name="setup" finished-at="2023-12-12T22:21:12 IST" duration-ms="6202" status="PASS">
          <reporter-output>
          </reporter-output>
        </test-method> <!-- setup -->
        <test-method signature="loginToApplicationTest()[pri:2, instance:testCases.LoginPageTest@1787bc24]" started-at="2023-12-12T22:21:12 IST" name="loginToApplicationTest" finished-at="2023-12-12T22:21:12 IST" duration-ms="372" status="PASS">
          <reporter-output>
          </reporter-output>
        </test-method> <!-- loginToApplicationTest -->
        <test-method is-config="true" signature="closeBrowser(org.testng.ITestResult)[pri:0, instance:testCases.LoginPageTest@1787bc24]" started-at="2023-12-12T22:21:12 IST" name="closeBrowser" finished-at="2023-12-12T22:21:13 IST" duration-ms="410" status="PASS">
          <params>
            <param index="0">
              <value>
                <![CDATA[[TestResult name=loginToApplicationTest status=SUCCESS method=LoginPageTest.loginToApplicationTest()[pri:2, instance:testCases.LoginPageTest@1787bc24] output={null}]]]>
              </value>
            </param>
          </params>
          <reporter-output>
          </reporter-output>
        </test-method> <!-- closeBrowser -->
        <test-method is-config="true" signature="setup()[pri:0, instance:testCases.LoginPageTest@1787bc24]" started-at="2023-12-12T22:21:13 IST" name="setup" finished-at="2023-12-12T22:21:19 IST" duration-ms="6133" status="PASS">
          <reporter-output>
          </reporter-output>
        </test-method> <!-- setup -->
        <test-method signature="verifyURLOfApplicationTest()[pri:3, instance:testCases.LoginPageTest@1787bc24]" started-at="2023-12-12T22:21:19 IST" name="verifyURLOfApplicationTest" finished-at="2023-12-12T22:21:19 IST" duration-ms="53" status="PASS">
          <reporter-output>
          </reporter-output>
        </test-method> <!-- verifyURLOfApplicationTest -->
        <test-method is-config="true" signature="closeBrowser(org.testng.ITestResult)[pri:0, instance:testCases.LoginPageTest@1787bc24]" started-at="2023-12-12T22:21:19 IST" name="closeBrowser" finished-at="2023-12-12T22:21:19 IST" duration-ms="153" status="PASS">
          <params>
            <param index="0">
              <value>
                <![CDATA[[TestResult name=verifyURLOfApplicationTest status=SUCCESS method=LoginPageTest.verifyURLOfApplicationTest()[pri:3, instance:testCases.LoginPageTest@1787bc24] output={null}]]]>
              </value>
            </param>
          </params>
          <reporter-output>
          </reporter-output>
        </test-method> <!-- closeBrowser -->
      </class> <!-- testCases.LoginPageTest -->
    </test> <!-- Default test -->
  </suite> <!-- Default suite -->
</testng-results>
