<?xml version="1.0" encoding="UTF-8"?>
<!-- Generated by org.testng.reporters.JUnitXMLReporter -->
<testsuite ignored="5" hostname="Shriprasad" failures="0" tests="2" name="Test(failed)" time="15.2" errors="0" timestamp="2023-12-04T21:50:39 IST">
  <testcase classname="testCases.Inventory_page_2_Test" name="verifyproductsLableTest" time="1.333"/>
  <testcase classname="testCases.LoginPageTest" name="verifyTitleOfApplicationTest" time="0.078"/>
  <testcase classname="testCases.LoginPageTest" name="verifyURLOfApplicationTest" time="0.0">
    <ignored/>
  </testcase> <!-- verifyURLOfApplicationTest -->
  <testcase classname="testCases.LoginPageTest" name="loginToApplicationTest" time="0.0">
    <ignored/>
  </testcase> <!-- loginToApplicationTest -->
  <testcase classname="testCases.Inventory_page_2_Test" name="verifytwitterLogoTest" time="0.0">
    <ignored/>
  </testcase> <!-- verifytwitterLogoTest -->
  <testcase classname="testCases.Inventory_page_2_Test" name="add6ProductsTest" time="0.0">
    <ignored/>
  </testcase> <!-- add6ProductsTest -->
  <testcase classname="testCases.Inventory_page_2_Test" name="remove2Products" time="0.0">
    <ignored/>
  </testcase> <!-- remove2Products -->
</testsuite> <!-- Test(failed) -->
